MPI task 0 has started on comet-22-36.sdsc.edu...
MPI thread level? :1
MPI task 9 has started on comet-22-56.sdsc.edu...
MPI thread level? :1
MPI task 7 has started on comet-22-51.sdsc.edu...
MPI thread level? :1
MPI task 6 has started on comet-22-50.sdsc.edu...
MPI thread level? :1
MPI task 1 has started on comet-22-37.sdsc.edu...
MPI thread level? :1
MPI task 3 has started on comet-22-39.sdsc.edu...
MPI thread level? :1
MPI task 8 has started on comet-22-54.sdsc.edu...
MPI thread level? :1
MPI task 4 has started on comet-22-40.sdsc.edu...
MPI thread level? :1
MPI task 5 has started on comet-22-41.sdsc.edu...
MPI thread level? :1
MPI task 2 has started on comet-22-38.sdsc.edu...
MPI thread level? :1
taskID:0, Writing the output to log file:	depthfirst_hybrid_n10_c1_i1_23948263_0.txt
taskID:9, Writing the output to log file:	depthfirst_hybrid_n10_c1_i1_23948263_9.txt
taskID:7, Writing the output to log file:	depthfirst_hybrid_n10_c1_i1_23948263_7.txt
taskID:1, Writing the output to log file:	depthfirst_hybrid_n10_c1_i1_23948263_1.txt
taskID:5, Writing the output to log file:	depthfirst_hybrid_n10_c1_i1_23948263_5.txt
taskID:8, Writing the output to log file:	depthfirst_hybrid_n10_c1_i1_23948263_8.txt
taskID:6, Writing the output to log file:	depthfirst_hybrid_n10_c1_i1_23948263_6.txt
taskID:3, Writing the output to log file:	depthfirst_hybrid_n10_c1_i1_23948263_3.txt
taskID:2, Writing the output to log file:	depthfirst_hybrid_n10_c1_i1_23948263_2.txt
taskID:4, Writing the output to log file:	depthfirst_hybrid_n10_c1_i1_23948263_4.txt
taskID:9, Number of processors available = 24
taskID:9, Number of threads =              1
taskID:1, Number of processors available = 24
taskID:1, Number of threads =              1
taskID:5, Number of processors available = 24
taskID:5, Number of threads =              1
taskID:4, Number of processors available = 24
taskID:4, Number of threads =              1
taskID:6, Number of processors available = 24
taskID:6, Number of threads =              1
taskID:8, Number of processors available = 24
taskID:8, Number of threads =              1
taskID:7, Number of processors available = 24
taskID:7, Number of threads =              1
taskID:0, Number of processors available = 24
taskID:0, Number of threads =              1
taskID:3, Number of processors available = 24
taskID:3, Number of threads =              1
taskID:2, Number of processors available = 24
taskID:2, Number of threads =              1
taskID:0, totalNumThreads:1, numStartingThreads:1, numInitialPaths:1, pathsPerThread:1
taskID:1, totalNumThreads:1, numStartingThreads:1, numInitialPaths:1, pathsPerThread:1
taskID:8, totalNumThreads:1, numStartingThreads:1, numInitialPaths:1, pathsPerThread:1
taskID:4, totalNumThreads:1, numStartingThreads:1, numInitialPaths:1, pathsPerThread:1
taskID:2, totalNumThreads:1, numStartingThreads:1, numInitialPaths:1, pathsPerThread:1
taskID:7, totalNumThreads:1, numStartingThreads:1, numInitialPaths:1, pathsPerThread:1
taskID:6, totalNumThreads:1, numStartingThreads:1, numInitialPaths:1, pathsPerThread:1
taskID:3, totalNumThreads:1, numStartingThreads:1, numInitialPaths:1, pathsPerThread:1
taskID:5, totalNumThreads:1, numStartingThreads:1, numInitialPaths:1, pathsPerThread:1
taskID:9, totalNumThreads:1, numStartingThreads:1, numInitialPaths:1, pathsPerThread:1
taskID:0, Evaluated a total of 8849 feasible complete paths.
taskID:7, Evaluated a total of 6863 feasible complete paths.
taskID:6, Evaluated a total of 8204 feasible complete paths.
taskID:4, Evaluated a total of 83 feasible complete paths.
taskID:5, Evaluated a total of 4862 feasible complete paths.
Lowest Cost:253.00
taskID:9, Evaluated a total of 5913 feasible complete paths.
taskID:1, Evaluated a total of 5004 feasible complete paths.
taskID:3, Evaluated a total of 9084 feasible complete paths.
taskID:8, Evaluated a total of 6943 feasible complete paths.
taskID:2, Evaluated a total of 20312 feasible complete paths.
Wallclock time = 0.171835

Took 0.1900000000 seconds to execute
