MPI task 0 has started on comet-05-26.sdsc.edu...
MPI thread level? :1
MPI task 2 has started on comet-05-30.sdsc.edu...
MPI thread level? :1
MPI task 1 has started on comet-05-27.sdsc.edu...
MPI thread level? :1
taskID:0, Writing the output to log file:	depthfirst_hybrid_n3_c4_i1_23948263_0.txt
taskID:1, Writing the output to log file:	depthfirst_hybrid_n3_c4_i1_23948263_1.txt
taskID:2, Writing the output to log file:	depthfirst_hybrid_n3_c4_i1_23948263_2.txt
taskID:1, Number of processors available = 24
taskID:1, Number of threads =              4
taskID:0, Number of processors available = 24
taskID:0, Number of threads =              4
taskID:2, Number of processors available = 24
taskID:2, Number of threads =              4
taskID:0, totalNumThreads:4, numStartingThreads:3, numInitialPaths:3, pathsPerThread:1
taskID:1, totalNumThreads:4, numStartingThreads:3, numInitialPaths:3, pathsPerThread:1
taskID:2, totalNumThreads:4, numStartingThreads:4, numInitialPaths:4, pathsPerThread:1
taskID:0, Evaluated a total of 32913 feasible complete paths.
Lowest Cost:253.00
Wallclock time = 0.639727

Took 1.9500000000 seconds to execute
taskID:2, Evaluated a total of 26908 feasible complete paths.
taskID:1, Evaluated a total of 13462 feasible complete paths.
