MPI task 2 has started on comet-12-43.sdsc.edu...
MPI thread level? :1
MPI task 0 has started on comet-12-41.sdsc.edu...
MPI thread level? :1
taskID:2, Writing the output to log file:	depthfirst_hybrid_n4_c3_i1_23948263_2.txt
MPI task 1 has started on comet-12-42.sdsc.edu...
MPI thread level? :1
MPI task 3 has started on comet-12-44.sdsc.edu...
MPI thread level? :1
taskID:0, Writing the output to log file:	depthfirst_hybrid_n4_c3_i1_23948263_0.txt
taskID:2, Number of processors available = 24
taskID:2, Number of threads =              3
taskID:1, Writing the output to log file:	depthfirst_hybrid_n4_c3_i1_23948263_1.txt
taskID:3, Writing the output to log file:	depthfirst_hybrid_n4_c3_i1_23948263_3.txt
taskID:0, Number of processors available = 24
taskID:0, Number of threads =              3
taskID:2, totalNumThreads:3, numStartingThreads:2, numInitialPaths:2, pathsPerThread:1
taskID:1, Number of processors available = 24
taskID:3, Number of processors available = 24
taskID:3, Number of threads =              3
taskID:0, totalNumThreads:3, numStartingThreads:2, numInitialPaths:2, pathsPerThread:1
taskID:1, Number of threads =              3
taskID:3, totalNumThreads:3, numStartingThreads:3, numInitialPaths:4, pathsPerThread:2
taskID:1, totalNumThreads:3, numStartingThreads:2, numInitialPaths:2, pathsPerThread:1
taskID:0, Evaluated a total of 13219 feasible complete paths.
taskID:1, Evaluated a total of 27360 feasible complete paths.
taskID:2, Evaluated a total of 4469 feasible complete paths.
taskID:3, Evaluated a total of 24738 feasible complete paths.
Lowest Cost:253.00
Wallclock time = 0.483446

Took 0.9600000000 seconds to execute
